#
# There is insufficient memory for the Java Runtime Environment to continue.
# Native memory allocation (mmap) failed to map 268435456 bytes for Failed to commit area from 0x0000000701000000 to 0x0000000711000000 of length 268435456.
# Possible reasons:
#   The system is out of physical RAM or swap space
#   The process is running with CompressedOops enabled, and the Java Heap may be blocking the growth of the native heap
# Possible solutions:
#   Reduce memory load on the system
#   Increase physical memory or swap space
#   Check if swap backing store is full
#   Decrease Java heap size (-Xmx/-Xms)
#   Decrease number of Java threads
#   Decrease Java thread stack sizes (-Xss)
#   Set larger code cache with -XX:ReservedCodeCacheSize=
# This output file may be truncated or incomplete.
#
#  Out of Memory Error (./src/hotspot/os/windows/os_windows.cpp:3511), pid=18680, tid=7932
#
# JRE version:  (11.0.11+9) (build )
# Java VM: OpenJDK 64-Bit Server VM (11.0.11+9-b1504.13, mixed mode, sharing, tiered, compressed oops, g1 gc, windows-amd64)
# No core dump will be written. Minidumps are not enabled by default on client versions of Windows
#

---------------  S U M M A R Y ------------

Command Line: git4idea.http.GitAskPassApp Username for 'https://github.com': 

Host: Intel(R) Core(TM) i5-10400 CPU @ 2.90GHz, 12 cores, 15G,  Windows 10 , 64 bit Build 22000 (10.0.22000.120)
Time: Sat Aug 14 10:49:27 2021 India Standard Time elapsed time: 0.025348 seconds (0d 0h 0m 0s)

---------------  T H R E A D  ---------------

Current thread (0x000001806e36f000):  JavaThread "Unknown thread" [_thread_in_vm, id=7932, stack(0x00000069bf800000,0x00000069bf900000)]

Stack: [0x00000069bf800000,0x00000069bf900000]
Native frames: (J=compiled Java code, j=interpreted, Vv=VM code, C=native code)
V  [jvm.dll+0x5f5d5a]
V  [jvm.dll+0x7798b5]
V  [jvm.dll+0x77aecd]
V  [jvm.dll+0x77b583]
V  [jvm.dll+0x244978]
V  [jvm.dll+0x5f3174]
V  [jvm.dll+0x5e7d55]
V  [jvm.dll+0x30068b]
V  [jvm.dll+0x3005fa]
V  [jvm.dll+0x3004d2]
V  [jvm.dll+0x3053c6]
V  [jvm.dll+0x34e0a3]
V  [jvm.dll+0x34e7a6]
V  [jvm.dll+0x34e1a3]
V  [jvm.dll+0x2db0c8]
V  [jvm.dll+0x2dc267]
V  [jvm.dll+0x758057]
V  [jvm.dll+0x75984c]
V  [jvm.dll+0x35b659]
V  [jvm.dll+0x73b67e]
V  [jvm.dll+0x3c39f3]
V  [jvm.dll+0x3c5dd1]
C  [jli.dll+0x5373]
C  [ucrtbase.dll+0x26c0c]
C  [KERNEL32.DLL+0x154e0]
C  [ntdll.dll+0x485b]


---------------  P R O C E S S  ---------------

Threads class SMR info:
_java_thread_list=0x000001806c14ce10, length=0, elements={
}

Java Threads: ( => current thread )

Other Threads:
  0x000001806e387000 GCTaskThread "GC Thread#0" [stack: 0x00000069bf900000,0x00000069bfa00000] [id=8468]
  0x000001806e3e4000 ConcurrentGCThread "G1 Main Marker" [stack: 0x00000069bfa00000,0x00000069bfb00000] [id=29356]
  0x000001806e3e6800 ConcurrentGCThread "G1 Conc#0" [stack: 0x00000069bfb00000,0x00000069bfc00000] [id=29364]

[error occurred during error reporting (printing all threads), id 0xc0000005, EXCEPTION_ACCESS_VIOLATION (0xc0000005) at pc=0x00007ff94c83b8f7]

VM state:not at safepoint (not fully initialized)

VM Mutex/Monitor currently owned by a thread:  ([mutex/lock_event])
[0x000001806e369cf0] Heap_lock - owner thread: 0x000001806e36f000

Heap address: 0x0000000701000000, size: 4080 MB, Compressed Oops mode: Non-zero based: 0x0000000701000000
Narrow klass base: 0x0000000000000000, Narrow klass shift: 0

GC Heap History (0 events):
No events

Deoptimization events (0 events):
No events

Classes redefined (0 events):
No events

Internal exceptions (0 events):
No events

Events (1 events):
Event: 0.012 Loaded shared library D:\Installations\PyCharm 2021.1.2\PyCharm 2021.2\jbr\bin\zip.dll


Dynamic libraries:
0x00007ff6d7950000 - 0x00007ff6d795a000 	D:\Installations\PyCharm 2021.1.2\PyCharm 2021.2\jbr\bin\java.exe
0x00007ff9f56c0000 - 0x00007ff9f58c7000 	C:\WINDOWS\SYSTEM32\ntdll.dll
0x00007ff9f3e50000 - 0x00007ff9f3f0d000 	C:\WINDOWS\System32\KERNEL32.DLL
0x00007ff9f2ba0000 - 0x00007ff9f2f14000 	C:\WINDOWS\System32\KERNELBASE.dll
0x00007ff9efec0000 - 0x00007ff9eff51000 	C:\WINDOWS\SYSTEM32\apphelp.dll
0x00007ff9f2f20000 - 0x00007ff9f3031000 	C:\WINDOWS\System32\ucrtbase.dll
0x00007ff9e4fc0000 - 0x00007ff9e4fd9000 	D:\Installations\PyCharm 2021.1.2\PyCharm 2021.2\jbr\bin\jli.dll
0x00007ff9dde10000 - 0x00007ff9dde27000 	D:\Installations\PyCharm 2021.1.2\PyCharm 2021.2\jbr\bin\VCRUNTIME140.dll
0x00007ff9f3690000 - 0x00007ff9f383c000 	C:\WINDOWS\System32\USER32.dll
0x00007ff9f3290000 - 0x00007ff9f32b6000 	C:\WINDOWS\System32\win32u.dll
0x00007ff9da080000 - 0x00007ff9da325000 	C:\WINDOWS\WinSxS\amd64_microsoft.windows.common-controls_6595b64144ccf1df_6.0.22000.120_none_9d947278b86cc467\COMCTL32.dll
0x00007ff9f4c40000 - 0x00007ff9f4c69000 	C:\WINDOWS\System32\GDI32.dll
0x00007ff9f3430000 - 0x00007ff9f3542000 	C:\WINDOWS\System32\gdi32full.dll
0x00007ff9f3550000 - 0x00007ff9f35f3000 	C:\WINDOWS\System32\msvcrt.dll
0x00007ff9f31f0000 - 0x00007ff9f328d000 	C:\WINDOWS\System32\msvcp_win.dll
0x00007ff9f4e20000 - 0x00007ff9f4e51000 	C:\WINDOWS\System32\IMM32.DLL
0x00007ff9c01d0000 - 0x00007ff9c026d000 	D:\Installations\PyCharm 2021.1.2\PyCharm 2021.2\jbr\bin\msvcp140.dll
0x00007ff94c550000 - 0x00007ff94d09a000 	D:\Installations\PyCharm 2021.1.2\PyCharm 2021.2\jbr\bin\server\jvm.dll
0x00007ff9f3b10000 - 0x00007ff9f3bbc000 	C:\WINDOWS\System32\ADVAPI32.dll
0x00007ff9f3bc0000 - 0x00007ff9f3c5d000 	C:\WINDOWS\System32\sechost.dll
0x00007ff9f3970000 - 0x00007ff9f3a91000 	C:\WINDOWS\System32\RPCRT4.dll
0x00007ff9f3940000 - 0x00007ff9f3948000 	C:\WINDOWS\System32\PSAPI.DLL
0x00007ff9e08c0000 - 0x00007ff9e08c9000 	C:\WINDOWS\SYSTEM32\WSOCK32.dll
0x00007ff9edc50000 - 0x00007ff9edc83000 	C:\WINDOWS\SYSTEM32\WINMM.dll
0x00007ff9eccb0000 - 0x00007ff9eccba000 	C:\WINDOWS\SYSTEM32\VERSION.dll
0x00007ff9f38d0000 - 0x00007ff9f393f000 	C:\WINDOWS\System32\WS2_32.dll
0x00007ff9f1cd0000 - 0x00007ff9f1ce8000 	C:\WINDOWS\SYSTEM32\kernel.appcore.dll
0x00007ff9eb720000 - 0x00007ff9eb731000 	D:\Installations\PyCharm 2021.1.2\PyCharm 2021.2\jbr\bin\verify.dll
0x00007ff9d9b60000 - 0x00007ff9d9d81000 	C:\WINDOWS\SYSTEM32\DBGHELP.DLL
0x00007ff9e5a50000 - 0x00007ff9e5a81000 	C:\WINDOWS\SYSTEM32\dbgcore.DLL
0x00007ff9f3170000 - 0x00007ff9f31f0000 	C:\WINDOWS\System32\bcryptPrimitives.dll
0x00007ff9e1850000 - 0x00007ff9e1879000 	D:\Installations\PyCharm 2021.1.2\PyCharm 2021.2\jbr\bin\java.dll
0x00007ff9eb710000 - 0x00007ff9eb71b000 	D:\Installations\PyCharm 2021.1.2\PyCharm 2021.2\jbr\bin\jimage.dll
0x00007ff9e4fa0000 - 0x00007ff9e4fb8000 	D:\Installations\PyCharm 2021.1.2\PyCharm 2021.2\jbr\bin\zip.dll

dbghelp: loaded successfully - version: 4.0.5 - missing functions: none
symbol engine: initialized successfully - sym options: 0x614 - pdb path: .;D:\Installations\PyCharm 2021.1.2\PyCharm 2021.2\jbr\bin;C:\WINDOWS\SYSTEM32;C:\WINDOWS\WinSxS\amd64_microsoft.windows.common-controls_6595b64144ccf1df_6.0.22000.120_none_9d947278b86cc467;D:\Installations\PyCharm 2021.1.2\PyCharm 2021.2\jbr\bin\server

VM Arguments:
java_command: git4idea.http.GitAskPassApp Username for 'https://github.com': 
java_class_path (initial): D:/Installations/PyCharm 2021.1.2/PyCharm 2021.2/plugins/git4idea/lib/git4idea-rt.jar;D:/Installations/PyCharm 2021.1.2/PyCharm 2021.2/lib/3rd-party.jar
Launcher Type: SUN_STANDARD

[Global flags]
     intx CICompilerCount                          = 4                                         {product} {ergonomic}
     uint ConcGCThreads                            = 3                                         {product} {ergonomic}
     uint G1ConcRefinementThreads                  = 10                                        {product} {ergonomic}
   size_t G1HeapRegionSize                         = 1048576                                   {product} {ergonomic}
    uintx GCDrainStackTargetSize                   = 64                                        {product} {ergonomic}
   size_t InitialHeapSize                          = 268435456                                 {product} {ergonomic}
   size_t MarkStackSize                            = 4194304                                   {product} {ergonomic}
   size_t MaxHeapSize                              = 4278190080                                {product} {ergonomic}
   size_t MinHeapDeltaBytes                        = 1048576                                   {product} {ergonomic}
    uintx NonNMethodCodeHeapSize                   = 5836300                                {pd product} {ergonomic}
    uintx NonProfiledCodeHeapSize                  = 122910970                              {pd product} {ergonomic}
    uintx ProfiledCodeHeapSize                     = 122910970                              {pd product} {ergonomic}
    uintx ReservedCodeCacheSize                    = 251658240                              {pd product} {ergonomic}
     bool SegmentedCodeCache                       = true                                      {product} {ergonomic}
     bool UseCompressedClassPointers               = true                                 {lp64_product} {ergonomic}
     bool UseCompressedOops                        = true                                 {lp64_product} {ergonomic}
     bool UseG1GC                                  = true                                      {product} {ergonomic}
     bool UseLargePagesIndividualAllocation        = false                                  {pd product} {ergonomic}

Logging:
Log output configuration:
 #0: stdout all=warning uptime,level,tags
 #1: stderr all=off uptime,level,tags

Environment Variables:
PATH=D:\Installations\Git\mingw64\libexec\git-core;D:\Installations\Git\mingw64\libexec\git-core;D:\Installations\Git\mingw64\bin;D:\Installations\Git\usr\bin;C:\Users\rk_pr\bin;D:\Installations\Python\Scripts;D:\Installations\Python;C:\ProgramData\Oracle\Java\javapath;C:\WINDOWS\system32;C:\WINDOWS;C:\WINDOWS\System32\Wbem;C:\WINDOWS\System32\WindowsPowerShell\v1.0;C:\WINDOWS\System32\OpenSSH;C:\Program Files\dotnet;D:\Installations\Git\cmd;C:\Program Files\Microsoft SQL Server\130\Tools\Binn;D:\Installations\IronPython;C:\Users\rk_pr\AppData\Local\Microsoft\WindowsApps;D:\Installations\Microsoft VS Code\bin;D:\Installations\PyCharm 2021.1.2\bin;C:\Users\rk_pr\spicetify-cli;C:\Users\rk_pr\AppData\Local\GitHubDesktop\bin;D:\Installations\IntelliJ Idea\IntelliJ IDEA 2021.1.3\bin;C:\Users\rk_pr\.dotnet\tools;C:\Users\rk_pr\AppData\Local\atom\bin;D:\Installations\Heroku\bin;D:\Installations\PyCharm 2021.2\bin
USERNAME=rk_pr
DISPLAY=:0.0
LC_ALL=en_US.UTF-8
OS=Windows_NT
PROCESSOR_IDENTIFIER=Intel64 Family 6 Model 165 Stepping 5, GenuineIntel



---------------  S Y S T E M  ---------------

OS: Windows 10 , 64 bit Build 22000 (10.0.22000.120)
OS uptime: 0 days 3:46 hours

CPU:total 12 (initial active 12) (6 cores per cpu, 2 threads per core) family 6 model 165 stepping 5 microcode 0xe0, cmov, cx8, fxsr, mmx, sse, sse2, sse3, ssse3, sse4.1, sse4.2, popcnt, avx, avx2, aes, clmul, erms, 3dnowpref, lzcnt, ht, tsc, tscinvbit, bmi1, bmi2, adx, fma

Memory: 4k page, system-wide physical 16317M (1125M free)
TotalPageFile size 30492M (AvailPageFile size 18M)
current process WorkingSet (physical memory assigned to process): 11M, peak: 11M
current process commit charge ("private bytes"): 64M, peak: 320M

vm_info: OpenJDK 64-Bit Server VM (11.0.11+9-b1504.13) for windows-amd64 JRE (11.0.11+9-b1504.13), built on Jul 18 2021 03:17:44 by "" with MS VC++ 14.0 (VS2015)

END.
