#
# There is insufficient memory for the Java Runtime Environment to continue.
# Native memory allocation (mmap) failed to map 268435456 bytes for Failed to commit area from 0x0000000701000000 to 0x0000000711000000 of length 268435456.
# Possible reasons:
#   The system is out of physical RAM or swap space
#   The process is running with CompressedOops enabled, and the Java Heap may be blocking the growth of the native heap
# Possible solutions:
#   Reduce memory load on the system
#   Increase physical memory or swap space
#   Check if swap backing store is full
#   Decrease Java heap size (-Xmx/-Xms)
#   Decrease number of Java threads
#   Decrease Java thread stack sizes (-Xss)
#   Set larger code cache with -XX:ReservedCodeCacheSize=
# This output file may be truncated or incomplete.
#
#  Out of Memory Error (./src/hotspot/os/windows/os_windows.cpp:3511), pid=23928, tid=9648
#
# JRE version:  (11.0.11+9) (build )
# Java VM: OpenJDK 64-Bit Server VM (11.0.11+9-b1504.13, mixed mode, sharing, tiered, compressed oops, g1 gc, windows-amd64)
# No core dump will be written. Minidumps are not enabled by default on client versions of Windows
#

---------------  S U M M A R Y ------------

Command Line: git4idea.http.GitAskPassApp Username for 'https://github.com/RachitKumar205/fitframeweb.git': 

Host: Intel(R) Core(TM) i5-10400 CPU @ 2.90GHz, 12 cores, 15G,  Windows 10 , 64 bit Build 22000 (10.0.22000.37)
Time: Fri Jul 30 20:24:06 2021 India Standard Time elapsed time: 0.049916 seconds (0d 0h 0m 0s)

---------------  T H R E A D  ---------------

Current thread (0x0000025a03d0d000):  JavaThread "Unknown thread" [_thread_in_vm, id=9648, stack(0x000000f9a7700000,0x000000f9a7800000)]

Stack: [0x000000f9a7700000,0x000000f9a7800000]
Native frames: (J=compiled Java code, j=interpreted, Vv=VM code, C=native code)
V  [jvm.dll+0x5f5d5a]
V  [jvm.dll+0x7798b5]
V  [jvm.dll+0x77aecd]
V  [jvm.dll+0x77b583]
V  [jvm.dll+0x244978]
V  [jvm.dll+0x5f3174]
V  [jvm.dll+0x5e7d55]
V  [jvm.dll+0x30068b]
V  [jvm.dll+0x3005fa]
V  [jvm.dll+0x3004d2]
V  [jvm.dll+0x3053c6]
V  [jvm.dll+0x34e0a3]
V  [jvm.dll+0x34e7a6]
V  [jvm.dll+0x34e1a3]
V  [jvm.dll+0x2db0c8]
V  [jvm.dll+0x2dc267]
V  [jvm.dll+0x758057]
V  [jvm.dll+0x75984c]
V  [jvm.dll+0x35b659]
V  [jvm.dll+0x73b67e]
V  [jvm.dll+0x3c39f3]
V  [jvm.dll+0x3c5dd1]
C  [jli.dll+0x5373]
C  [ucrtbase.dll+0x26c0c]
C  [KERNEL32.DLL+0x154e0]
C  [ntdll.dll+0x485b]


---------------  P R O C E S S  ---------------

Threads class SMR info:
_java_thread_list=0x0000025a01b3b060, length=0, elements={
}

Java Threads: ( => current thread )

Other Threads:
  0x0000025a03d25800 GCTaskThread "GC Thread#0" [stack: 0x000000f9a7800000,0x000000f9a7900000] [id=19176]
  0x0000025a03d82800 ConcurrentGCThread "G1 Main Marker" [stack: 0x000000f9a7900000,0x000000f9a7a00000] [id=24876]
  0x0000025a03d84000 ConcurrentGCThread "G1 Conc#0" [stack: 0x000000f9a7a00000,0x000000f9a7b00000] [id=24048]

[error occurred during error reporting (printing all threads), id 0xc0000005, EXCEPTION_ACCESS_VIOLATION (0xc0000005) at pc=0x00007ffbc5d0b8f7]

VM state:not at safepoint (not fully initialized)

VM Mutex/Monitor currently owned by a thread:  ([mutex/lock_event])
[0x0000025a03d09c60] Heap_lock - owner thread: 0x0000025a03d0d000

Heap address: 0x0000000701000000, size: 4080 MB, Compressed Oops mode: Non-zero based: 0x0000000701000000
Narrow klass base: 0x0000000000000000, Narrow klass shift: 0

GC Heap History (0 events):
No events

Deoptimization events (0 events):
No events

Classes redefined (0 events):
No events

Internal exceptions (0 events):
No events

Events (1 events):
Event: 0.014 Loaded shared library D:\Installations\PyCharm 2021.2\jbr\bin\zip.dll


Dynamic libraries:
0x00007ff6d69d0000 - 0x00007ff6d69da000 	D:\Installations\PyCharm 2021.2\jbr\bin\java.exe
0x00007ffc4c320000 - 0x00007ffc4c527000 	C:\WINDOWS\SYSTEM32\ntdll.dll
0x00007ffc4aec0000 - 0x00007ffc4af7d000 	C:\WINDOWS\System32\KERNEL32.DLL
0x00007ffc49c40000 - 0x00007ffc49fb4000 	C:\WINDOWS\System32\KERNELBASE.dll
0x00007ffc46c50000 - 0x00007ffc46ce1000 	C:\WINDOWS\SYSTEM32\apphelp.dll
0x00007ffc49800000 - 0x00007ffc49911000 	C:\WINDOWS\System32\ucrtbase.dll
0x00007ffc38720000 - 0x00007ffc38739000 	D:\Installations\PyCharm 2021.2\jbr\bin\jli.dll
0x00007ffc35870000 - 0x00007ffc35887000 	D:\Installations\PyCharm 2021.2\jbr\bin\VCRUNTIME140.dll
0x00007ffc4b530000 - 0x00007ffc4b6dc000 	C:\WINDOWS\System32\USER32.dll
0x00007ffc49fc0000 - 0x00007ffc49fe6000 	C:\WINDOWS\System32\win32u.dll
0x00007ffc31070000 - 0x00007ffc31315000 	C:\WINDOWS\WinSxS\amd64_microsoft.windows.common-controls_6595b64144ccf1df_6.0.22000.51_none_25c0e06ad7789dba\COMCTL32.dll
0x00007ffc4b300000 - 0x00007ffc4b329000 	C:\WINDOWS\System32\GDI32.dll
0x00007ffc4b460000 - 0x00007ffc4b503000 	C:\WINDOWS\System32\msvcrt.dll
0x00007ffc4a090000 - 0x00007ffc4a1a2000 	C:\WINDOWS\System32\gdi32full.dll
0x00007ffc49ff0000 - 0x00007ffc4a08d000 	C:\WINDOWS\System32\msvcp_win.dll
0x00007ffc4c190000 - 0x00007ffc4c1c1000 	C:\WINDOWS\System32\IMM32.DLL
0x00007ffc16d40000 - 0x00007ffc16ddd000 	D:\Installations\PyCharm 2021.2\jbr\bin\msvcp140.dll
0x00007ffbc5a20000 - 0x00007ffbc656a000 	D:\Installations\PyCharm 2021.2\jbr\bin\server\jvm.dll
0x00007ffc4c230000 - 0x00007ffc4c2dc000 	C:\WINDOWS\System32\ADVAPI32.dll
0x00007ffc4b3c0000 - 0x00007ffc4b45d000 	C:\WINDOWS\System32\sechost.dll
0x00007ffc4ad90000 - 0x00007ffc4aeb1000 	C:\WINDOWS\System32\RPCRT4.dll
0x00007ffc4a4e0000 - 0x00007ffc4a4e8000 	C:\WINDOWS\System32\PSAPI.DLL
0x00007ffc35b10000 - 0x00007ffc35b19000 	C:\WINDOWS\SYSTEM32\WSOCK32.dll
0x00007ffc44940000 - 0x00007ffc44973000 	C:\WINDOWS\SYSTEM32\WINMM.dll
0x00007ffc4bdb0000 - 0x00007ffc4be1f000 	C:\WINDOWS\System32\WS2_32.dll
0x00007ffc437c0000 - 0x00007ffc437ca000 	C:\WINDOWS\SYSTEM32\VERSION.dll
0x00007ffc48930000 - 0x00007ffc48948000 	C:\WINDOWS\SYSTEM32\kernel.appcore.dll
0x00007ffc40c90000 - 0x00007ffc40ca1000 	D:\Installations\PyCharm 2021.2\jbr\bin\verify.dll
0x00007ffc3c4d0000 - 0x00007ffc3c6f1000 	C:\WINDOWS\SYSTEM32\DBGHELP.DLL
0x00007ffc3c260000 - 0x00007ffc3c291000 	C:\WINDOWS\SYSTEM32\dbgcore.DLL
0x00007ffc49b00000 - 0x00007ffc49b80000 	C:\WINDOWS\System32\bcryptPrimitives.dll
0x00007ffc40c60000 - 0x00007ffc40c89000 	D:\Installations\PyCharm 2021.2\jbr\bin\java.dll
0x00007ffc46b20000 - 0x00007ffc46b2b000 	D:\Installations\PyCharm 2021.2\jbr\bin\jimage.dll
0x00007ffc3bf20000 - 0x00007ffc3bf38000 	D:\Installations\PyCharm 2021.2\jbr\bin\zip.dll

dbghelp: loaded successfully - version: 4.0.5 - missing functions: none
symbol engine: initialized successfully - sym options: 0x614 - pdb path: .;D:\Installations\PyCharm 2021.2\jbr\bin;C:\WINDOWS\SYSTEM32;C:\WINDOWS\WinSxS\amd64_microsoft.windows.common-controls_6595b64144ccf1df_6.0.22000.51_none_25c0e06ad7789dba;D:\Installations\PyCharm 2021.2\jbr\bin\server

VM Arguments:
java_command: git4idea.http.GitAskPassApp Username for 'https://github.com/RachitKumar205/fitframeweb.git': 
java_class_path (initial): D:/Installations/PyCharm 2021.2/plugins/git4idea/lib/git4idea-rt.jar;D:/Installations/PyCharm 2021.2/lib/3rd-party.jar
Launcher Type: SUN_STANDARD

[Global flags]
     intx CICompilerCount                          = 4                                         {product} {ergonomic}
     uint ConcGCThreads                            = 3                                         {product} {ergonomic}
     uint G1ConcRefinementThreads                  = 10                                        {product} {ergonomic}
   size_t G1HeapRegionSize                         = 1048576                                   {product} {ergonomic}
    uintx GCDrainStackTargetSize                   = 64                                        {product} {ergonomic}
   size_t InitialHeapSize                          = 268435456                                 {product} {ergonomic}
   size_t MarkStackSize                            = 4194304                                   {product} {ergonomic}
   size_t MaxHeapSize                              = 4278190080                                {product} {ergonomic}
   size_t MinHeapDeltaBytes                        = 1048576                                   {product} {ergonomic}
    uintx NonNMethodCodeHeapSize                   = 5836300                                {pd product} {ergonomic}
    uintx NonProfiledCodeHeapSize                  = 122910970                              {pd product} {ergonomic}
    uintx ProfiledCodeHeapSize                     = 122910970                              {pd product} {ergonomic}
    uintx ReservedCodeCacheSize                    = 251658240                              {pd product} {ergonomic}
     bool SegmentedCodeCache                       = true                                      {product} {ergonomic}
     bool UseCompressedClassPointers               = true                                 {lp64_product} {ergonomic}
     bool UseCompressedOops                        = true                                 {lp64_product} {ergonomic}
     bool UseG1GC                                  = true                                      {product} {ergonomic}
     bool UseLargePagesIndividualAllocation        = false                                  {pd product} {ergonomic}

Logging:
Log output configuration:
 #0: stdout all=warning uptime,level,tags
 #1: stderr all=off uptime,level,tags

Environment Variables:
PATH=D:\Installations\Git\mingw64\libexec\git-core;D:\Installations\Git\mingw64\libexec\git-core;D:\Installations\Git\mingw64\bin;D:\Installations\Git\usr\bin;C:\Users\rk_pr\bin;D:\Installations\Python\Scripts;D:\Installations\Python;C:\ProgramData\Oracle\Java\javapath;C:\WINDOWS\system32;C:\WINDOWS;C:\WINDOWS\System32\Wbem;C:\WINDOWS\System32\WindowsPowerShell\v1.0;C:\WINDOWS\System32\OpenSSH;C:\Program Files\dotnet;D:\Installations\Git\cmd;C:\Program Files\Microsoft SQL Server\130\Tools\Binn;D:\Installations\IronPython;C:\Users\rk_pr\AppData\Local\Microsoft\WindowsApps;D:\Installations\Microsoft VS Code\bin;D:\Installations\PyCharm 2021.1.2\bin;C:\Users\rk_pr\spicetify-cli;C:\Users\rk_pr\AppData\Local\GitHubDesktop\bin;D:\Installations\IntelliJ Idea\IntelliJ IDEA 2021.1.3\bin;C:\Users\rk_pr\.dotnet\tools;C:\Users\rk_pr\AppData\Local\atom\bin;D:\Installations\Heroku\bin;D:\Installations\PyCharm 2021.2\bin
USERNAME=rk_pr
DISPLAY=:0.0
LC_ALL=en_US.UTF-8
OS=Windows_NT
PROCESSOR_IDENTIFIER=Intel64 Family 6 Model 165 Stepping 5, GenuineIntel



---------------  S Y S T E M  ---------------

OS: Windows 10 , 64 bit Build 22000 (10.0.22000.37)
OS uptime: 0 days 2:04 hours

CPU:total 12 (initial active 12) (6 cores per cpu, 2 threads per core) family 6 model 165 stepping 5 microcode 0xe0, cmov, cx8, fxsr, mmx, sse, sse2, sse3, ssse3, sse4.1, sse4.2, popcnt, avx, avx2, aes, clmul, erms, 3dnowpref, lzcnt, ht, tsc, tscinvbit, bmi1, bmi2, adx, fma

Memory: 4k page, system-wide physical 16317M (3273M free)
TotalPageFile size 30455M (AvailPageFile size 120M)
current process WorkingSet (physical memory assigned to process): 11M, peak: 11M
current process commit charge ("private bytes"): 64M, peak: 320M

vm_info: OpenJDK 64-Bit Server VM (11.0.11+9-b1504.13) for windows-amd64 JRE (11.0.11+9-b1504.13), built on Jul 18 2021 03:17:44 by "" with MS VC++ 14.0 (VS2015)

END.
